{"/home/rizal/hacktiv8P3/B-track-server/services/user/app.js": {"path":"/home/rizal/hacktiv8P3/B-track-server/services/user/app.js","statementMap":{"0":{"start":{"line":1,"column":0},"end":{"line":3,"column":1}},"1":{"start":{"line":2,"column":4},"end":{"line":2,"column":30}},"2":{"start":{"line":4,"column":13},"end":{"line":4,"column":28}},"3":{"start":{"line":5,"column":16},"end":{"line":5,"column":34}},"4":{"start":{"line":6,"column":15},"end":{"line":6,"column":34}},"5":{"start":{"line":7,"column":25},"end":{"line":7,"column":62}},"6":{"start":{"line":9,"column":12},"end":{"line":9,"column":21}},"7":{"start":{"line":11,"column":0},"end":{"line":11,"column":15}},"8":{"start":{"line":12,"column":0},"end":{"line":12,"column":47}},"9":{"start":{"line":13,"column":0},"end":{"line":13,"column":23}},"10":{"start":{"line":14,"column":0},"end":{"line":14,"column":15}},"11":{"start":{"line":15,"column":0},"end":{"line":15,"column":21}},"12":{"start":{"line":17,"column":0},"end":{"line":17,"column":20}}},"fnMap":{},"branchMap":{"0":{"loc":{"start":{"line":1,"column":0},"end":{"line":3,"column":1}},"type":"if","locations":[{"start":{"line":1,"column":0},"end":{"line":3,"column":1}},{"start":{"line":1,"column":0},"end":{"line":3,"column":1}}],"line":1},"1":{"loc":{"start":{"line":1,"column":4},"end":{"line":1,"column":77}},"type":"binary-expr","locations":[{"start":{"line":1,"column":4},"end":{"line":1,"column":35}},{"start":{"line":1,"column":39},"end":{"line":1,"column":77}}],"line":1}},"s":{"0":1,"1":1,"2":1,"3":1,"4":1,"5":1,"6":1,"7":1,"8":1,"9":1,"10":1,"11":1,"12":1},"f":{},"b":{"0":[1,0],"1":[1,0]},"_coverageSchema":"1a1c01bbd47fc00a2c39e90264f33305004495a9","hash":"dc7c86b2504cac7d933da5139065bd9883c1c3eb"}
,"/home/rizal/hacktiv8P3/B-track-server/services/user/controller/user.js": {"path":"/home/rizal/hacktiv8P3/B-track-server/services/user/controller/user.js","statementMap":{"0":{"start":{"line":1,"column":17},"end":{"line":1,"column":37}},"1":{"start":{"line":2,"column":20},"end":{"line":2,"column":45}},"2":{"start":{"line":3,"column":28},"end":{"line":3,"column":56}},"3":{"start":{"line":13,"column":12},"end":{"line":13,"column":20}},"4":{"start":{"line":15,"column":8},"end":{"line":27,"column":9}},"5":{"start":{"line":16,"column":28},"end":{"line":22,"column":14}},"6":{"start":{"line":24,"column":12},"end":{"line":24,"column":41}},"7":{"start":{"line":26,"column":12},"end":{"line":26,"column":21}},"8":{"start":{"line":31,"column":36},"end":{"line":31,"column":44}},"9":{"start":{"line":32,"column":8},"end":{"line":65,"column":9}},"10":{"start":{"line":33,"column":25},"end":{"line":37,"column":14}},"11":{"start":{"line":38,"column":28},"end":{"line":41,"column":13}},"12":{"start":{"line":43,"column":12},"end":{"line":62,"column":13}},"13":{"start":{"line":44,"column":16},"end":{"line":44,"column":31}},"14":{"start":{"line":46,"column":16},"end":{"line":61,"column":17}},"15":{"start":{"line":47,"column":20},"end":{"line":47,"column":35}},"16":{"start":{"line":49,"column":36},"end":{"line":52,"column":21}},"17":{"start":{"line":54,"column":41},"end":{"line":54,"column":57}},"18":{"start":{"line":56,"column":20},"end":{"line":60,"column":22}},"19":{"start":{"line":64,"column":12},"end":{"line":64,"column":21}},"20":{"start":{"line":69,"column":0},"end":{"line":69,"column":31}}},"fnMap":{"0":{"name":"(anonymous_0)","decl":{"start":{"line":6,"column":4},"end":{"line":6,"column":5}},"loc":{"start":{"line":6,"column":42},"end":{"line":28,"column":5}},"line":6},"1":{"name":"(anonymous_1)","decl":{"start":{"line":30,"column":4},"end":{"line":30,"column":5}},"loc":{"start":{"line":30,"column":39},"end":{"line":66,"column":5}},"line":30}},"branchMap":{"0":{"loc":{"start":{"line":43,"column":12},"end":{"line":62,"column":13}},"type":"if","locations":[{"start":{"line":43,"column":12},"end":{"line":62,"column":13}},{"start":{"line":43,"column":12},"end":{"line":62,"column":13}}],"line":43},"1":{"loc":{"start":{"line":46,"column":16},"end":{"line":61,"column":17}},"type":"if","locations":[{"start":{"line":46,"column":16},"end":{"line":61,"column":17}},{"start":{"line":46,"column":16},"end":{"line":61,"column":17}}],"line":46}},"s":{"0":1,"1":1,"2":1,"3":12,"4":12,"5":12,"6":1,"7":11,"8":3,"9":3,"10":3,"11":3,"12":3,"13":1,"14":2,"15":1,"16":1,"17":1,"18":1,"19":2,"20":1},"f":{"0":12,"1":3},"b":{"0":[1,2],"1":[1,1]},"_coverageSchema":"1a1c01bbd47fc00a2c39e90264f33305004495a9","hash":"36bc7cf5427e85cfaa957e57ef5fd28cf9e8a638"}
,"/home/rizal/hacktiv8P3/B-track-server/services/user/helpers/bcrypt.js": {"path":"/home/rizal/hacktiv8P3/B-track-server/services/user/helpers/bcrypt.js","statementMap":{"0":{"start":{"line":1,"column":15},"end":{"line":1,"column":34}},"1":{"start":{"line":4,"column":4},"end":{"line":4,"column":59}},"2":{"start":{"line":8,"column":4},"end":{"line":8,"column":61}},"3":{"start":{"line":11,"column":0},"end":{"line":14,"column":1}}},"fnMap":{"0":{"name":"hashPassword","decl":{"start":{"line":3,"column":9},"end":{"line":3,"column":21}},"loc":{"start":{"line":3,"column":32},"end":{"line":5,"column":1}},"line":3},"1":{"name":"comparePassword","decl":{"start":{"line":7,"column":9},"end":{"line":7,"column":24}},"loc":{"start":{"line":7,"column":57},"end":{"line":9,"column":1}},"line":7}},"branchMap":{},"s":{"0":1,"1":17,"2":2,"3":1},"f":{"0":17,"1":2},"b":{},"_coverageSchema":"1a1c01bbd47fc00a2c39e90264f33305004495a9","hash":"cff0bffaed5d9a1a5f16114e0dfe8aee57f14a2e"}
,"/home/rizal/hacktiv8P3/B-track-server/services/user/helpers/jwt.js": {"path":"/home/rizal/hacktiv8P3/B-track-server/services/user/helpers/jwt.js","statementMap":{"0":{"start":{"line":1,"column":12},"end":{"line":1,"column":35}},"1":{"start":{"line":3,"column":18},"end":{"line":3,"column":40}},"2":{"start":{"line":6,"column":4},"end":{"line":6,"column":39}},"3":{"start":{"line":10,"column":4},"end":{"line":10,"column":46}},"4":{"start":{"line":13,"column":0},"end":{"line":16,"column":1}}},"fnMap":{"0":{"name":"signJWT","decl":{"start":{"line":5,"column":9},"end":{"line":5,"column":16}},"loc":{"start":{"line":5,"column":26},"end":{"line":7,"column":1}},"line":5},"1":{"name":"verifyJWT","decl":{"start":{"line":9,"column":9},"end":{"line":9,"column":18}},"loc":{"start":{"line":9,"column":33},"end":{"line":11,"column":1}},"line":9}},"branchMap":{},"s":{"0":1,"1":1,"2":1,"3":0,"4":1},"f":{"0":1,"1":0},"b":{},"_coverageSchema":"1a1c01bbd47fc00a2c39e90264f33305004495a9","hash":"b960c4ad2e5e7eb3cd92292dc4efa7453159ae5c"}
,"/home/rizal/hacktiv8P3/B-track-server/services/user/middlewares/errorHandler.js": {"path":"/home/rizal/hacktiv8P3/B-track-server/services/user/middlewares/errorHandler.js","statementMap":{"0":{"start":{"line":2,"column":18},"end":{"line":2,"column":20}},"1":{"start":{"line":3,"column":15},"end":{"line":3,"column":16}},"2":{"start":{"line":5,"column":4},"end":{"line":30,"column":5}},"3":{"start":{"line":7,"column":12},"end":{"line":7,"column":22}},"4":{"start":{"line":8,"column":12},"end":{"line":8,"column":37}},"5":{"start":{"line":9,"column":12},"end":{"line":9,"column":18}},"6":{"start":{"line":12,"column":12},"end":{"line":12,"column":22}},"7":{"start":{"line":13,"column":12},"end":{"line":15,"column":14}},"8":{"start":{"line":14,"column":16},"end":{"line":14,"column":49}},"9":{"start":{"line":16,"column":12},"end":{"line":16,"column":18}},"10":{"start":{"line":19,"column":12},"end":{"line":19,"column":22}},"11":{"start":{"line":20,"column":12},"end":{"line":22,"column":14}},"12":{"start":{"line":21,"column":16},"end":{"line":21,"column":49}},"13":{"start":{"line":23,"column":12},"end":{"line":23,"column":18}},"14":{"start":{"line":26,"column":12},"end":{"line":26,"column":22}},"15":{"start":{"line":27,"column":12},"end":{"line":27,"column":64}},"16":{"start":{"line":28,"column":12},"end":{"line":28,"column":29}},"17":{"start":{"line":29,"column":12},"end":{"line":29,"column":18}},"18":{"start":{"line":32,"column":4},"end":{"line":32,"column":38}},"19":{"start":{"line":35,"column":0},"end":{"line":37,"column":1}}},"fnMap":{"0":{"name":"errorHandler","decl":{"start":{"line":1,"column":15},"end":{"line":1,"column":27}},"loc":{"start":{"line":1,"column":49},"end":{"line":33,"column":1}},"line":1},"1":{"name":"(anonymous_1)","decl":{"start":{"line":13,"column":27},"end":{"line":13,"column":28}},"loc":{"start":{"line":13,"column":35},"end":{"line":15,"column":13}},"line":13},"2":{"name":"(anonymous_2)","decl":{"start":{"line":20,"column":27},"end":{"line":20,"column":28}},"loc":{"start":{"line":20,"column":35},"end":{"line":22,"column":13}},"line":20}},"branchMap":{"0":{"loc":{"start":{"line":5,"column":4},"end":{"line":30,"column":5}},"type":"switch","locations":[{"start":{"line":6,"column":8},"end":{"line":9,"column":18}},{"start":{"line":11,"column":8},"end":{"line":16,"column":18}},{"start":{"line":18,"column":8},"end":{"line":23,"column":18}},{"start":{"line":25,"column":8},"end":{"line":29,"column":18}}],"line":5},"1":{"loc":{"start":{"line":27,"column":25},"end":{"line":27,"column":63}},"type":"binary-expr","locations":[{"start":{"line":27,"column":25},"end":{"line":27,"column":36}},{"start":{"line":27,"column":40},"end":{"line":27,"column":63}}],"line":27}},"s":{"0":13,"1":13,"2":13,"3":2,"4":2,"5":2,"6":10,"7":10,"8":11,"9":10,"10":1,"11":1,"12":1,"13":1,"14":0,"15":0,"16":0,"17":0,"18":13,"19":1},"f":{"0":13,"1":11,"2":1},"b":{"0":[2,10,1,0],"1":[0,0]},"_coverageSchema":"1a1c01bbd47fc00a2c39e90264f33305004495a9","hash":"684a99c82af46d121c95953879dd17579e63bc03"}
,"/home/rizal/hacktiv8P3/B-track-server/services/user/models/department.js": {"path":"/home/rizal/hacktiv8P3/B-track-server/services/user/models/department.js","statementMap":{"0":{"start":{"line":4,"column":4},"end":{"line":4,"column":24}},"1":{"start":{"line":5,"column":0},"end":{"line":24,"column":2}},"2":{"start":{"line":14,"column":6},"end":{"line":14,"column":69}},"3":{"start":{"line":17,"column":2},"end":{"line":22,"column":5}},"4":{"start":{"line":23,"column":2},"end":{"line":23,"column":20}}},"fnMap":{"0":{"name":"(anonymous_0)","decl":{"start":{"line":5,"column":17},"end":{"line":5,"column":18}},"loc":{"start":{"line":5,"column":43},"end":{"line":24,"column":1}},"line":5},"1":{"name":"(anonymous_1)","decl":{"start":{"line":12,"column":4},"end":{"line":12,"column":5}},"loc":{"start":{"line":12,"column":29},"end":{"line":15,"column":5}},"line":12}},"branchMap":{},"s":{"0":1,"1":1,"2":1,"3":1,"4":1},"f":{"0":1,"1":1},"b":{},"_coverageSchema":"1a1c01bbd47fc00a2c39e90264f33305004495a9","hash":"ce2cb4eadda3e46975671b30725785bae75c5d2d"}
,"/home/rizal/hacktiv8P3/B-track-server/services/user/models/index.js": {"path":"/home/rizal/hacktiv8P3/B-track-server/services/user/models/index.js","statementMap":{"0":{"start":{"line":3,"column":11},"end":{"line":3,"column":24}},"1":{"start":{"line":4,"column":13},"end":{"line":4,"column":28}},"2":{"start":{"line":5,"column":18},"end":{"line":5,"column":38}},"3":{"start":{"line":6,"column":17},"end":{"line":6,"column":42}},"4":{"start":{"line":7,"column":12},"end":{"line":7,"column":49}},"5":{"start":{"line":8,"column":15},"end":{"line":8,"column":65}},"6":{"start":{"line":9,"column":11},"end":{"line":9,"column":13}},"7":{"start":{"line":12,"column":0},"end":{"line":16,"column":1}},"8":{"start":{"line":13,"column":2},"end":{"line":13,"column":74}},"9":{"start":{"line":15,"column":2},"end":{"line":15,"column":87}},"10":{"start":{"line":18,"column":0},"end":{"line":26,"column":5}},"11":{"start":{"line":21,"column":4},"end":{"line":21,"column":90}},"12":{"start":{"line":24,"column":18},"end":{"line":24,"column":85}},"13":{"start":{"line":25,"column":4},"end":{"line":25,"column":27}},"14":{"start":{"line":28,"column":0},"end":{"line":32,"column":3}},"15":{"start":{"line":29,"column":2},"end":{"line":31,"column":3}},"16":{"start":{"line":30,"column":4},"end":{"line":30,"column":32}},"17":{"start":{"line":34,"column":0},"end":{"line":34,"column":25}},"18":{"start":{"line":35,"column":0},"end":{"line":35,"column":25}},"19":{"start":{"line":37,"column":0},"end":{"line":37,"column":20}}},"fnMap":{"0":{"name":"(anonymous_0)","decl":{"start":{"line":20,"column":10},"end":{"line":20,"column":11}},"loc":{"start":{"line":20,"column":18},"end":{"line":22,"column":3}},"line":20},"1":{"name":"(anonymous_1)","decl":{"start":{"line":23,"column":11},"end":{"line":23,"column":12}},"loc":{"start":{"line":23,"column":19},"end":{"line":26,"column":3}},"line":23},"2":{"name":"(anonymous_2)","decl":{"start":{"line":28,"column":24},"end":{"line":28,"column":25}},"loc":{"start":{"line":28,"column":37},"end":{"line":32,"column":1}},"line":28}},"branchMap":{"0":{"loc":{"start":{"line":7,"column":12},"end":{"line":7,"column":49}},"type":"binary-expr","locations":[{"start":{"line":7,"column":12},"end":{"line":7,"column":32}},{"start":{"line":7,"column":36},"end":{"line":7,"column":49}}],"line":7},"1":{"loc":{"start":{"line":12,"column":0},"end":{"line":16,"column":1}},"type":"if","locations":[{"start":{"line":12,"column":0},"end":{"line":16,"column":1}},{"start":{"line":12,"column":0},"end":{"line":16,"column":1}}],"line":12},"2":{"loc":{"start":{"line":21,"column":11},"end":{"line":21,"column":89}},"type":"binary-expr","locations":[{"start":{"line":21,"column":12},"end":{"line":21,"column":35}},{"start":{"line":21,"column":41},"end":{"line":21,"column":58}},{"start":{"line":21,"column":64},"end":{"line":21,"column":88}}],"line":21},"3":{"loc":{"start":{"line":29,"column":2},"end":{"line":31,"column":3}},"type":"if","locations":[{"start":{"line":29,"column":2},"end":{"line":31,"column":3}},{"start":{"line":29,"column":2},"end":{"line":31,"column":3}}],"line":29}},"s":{"0":1,"1":1,"2":1,"3":1,"4":1,"5":1,"6":1,"7":1,"8":0,"9":1,"10":1,"11":3,"12":2,"13":2,"14":1,"15":2,"16":2,"17":1,"18":1,"19":1},"f":{"0":3,"1":2,"2":2},"b":{"0":[1,0],"1":[0,1],"2":[3,3,2],"3":[2,0]},"_coverageSchema":"1a1c01bbd47fc00a2c39e90264f33305004495a9","hash":"9eba7242af20dc8d30c3afe7751b994cc490e12c"}
,"/home/rizal/hacktiv8P3/B-track-server/services/user/models/user.js": {"path":"/home/rizal/hacktiv8P3/B-track-server/services/user/models/user.js","statementMap":{"0":{"start":{"line":4,"column":4},"end":{"line":4,"column":24}},"1":{"start":{"line":5,"column":25},"end":{"line":5,"column":53}},"2":{"start":{"line":6,"column":0},"end":{"line":92,"column":2}},"3":{"start":{"line":15,"column":6},"end":{"line":15,"column":71}},"4":{"start":{"line":18,"column":2},"end":{"line":90,"column":5}},"5":{"start":{"line":85,"column":8},"end":{"line":85,"column":51}},"6":{"start":{"line":91,"column":2},"end":{"line":91,"column":14}}},"fnMap":{"0":{"name":"(anonymous_0)","decl":{"start":{"line":6,"column":17},"end":{"line":6,"column":18}},"loc":{"start":{"line":6,"column":43},"end":{"line":92,"column":1}},"line":6},"1":{"name":"(anonymous_1)","decl":{"start":{"line":13,"column":4},"end":{"line":13,"column":5}},"loc":{"start":{"line":13,"column":29},"end":{"line":16,"column":5}},"line":13},"2":{"name":"(anonymous_2)","decl":{"start":{"line":84,"column":6},"end":{"line":84,"column":7}},"loc":{"start":{"line":84,"column":25},"end":{"line":86,"column":7}},"line":84}},"branchMap":{},"s":{"0":1,"1":1,"2":1,"3":1,"4":1,"5":17,"6":1},"f":{"0":1,"1":1,"2":17},"b":{},"_coverageSchema":"1a1c01bbd47fc00a2c39e90264f33305004495a9","hash":"0e002adc591b3d111bc1d46ef3700d8116e3f621"}
,"/home/rizal/hacktiv8P3/B-track-server/services/user/routes/index.js": {"path":"/home/rizal/hacktiv8P3/B-track-server/services/user/routes/index.js","statementMap":{"0":{"start":{"line":1,"column":15},"end":{"line":1,"column":42}},"1":{"start":{"line":2,"column":14},"end":{"line":2,"column":31}},"2":{"start":{"line":4,"column":0},"end":{"line":4,"column":22}},"3":{"start":{"line":6,"column":0},"end":{"line":6,"column":23}}},"fnMap":{},"branchMap":{},"s":{"0":1,"1":1,"2":1,"3":1},"f":{},"b":{},"_coverageSchema":"1a1c01bbd47fc00a2c39e90264f33305004495a9","hash":"dfc3b665f5b292bcca9631502a93074c7713f90d"}
,"/home/rizal/hacktiv8P3/B-track-server/services/user/routes/user.js": {"path":"/home/rizal/hacktiv8P3/B-track-server/services/user/routes/user.js","statementMap":{"0":{"start":{"line":1,"column":15},"end":{"line":1,"column":42}},"1":{"start":{"line":2,"column":19},"end":{"line":2,"column":48}},"2":{"start":{"line":4,"column":0},"end":{"line":4,"column":45}},"3":{"start":{"line":5,"column":0},"end":{"line":5,"column":39}},"4":{"start":{"line":7,"column":0},"end":{"line":7,"column":23}}},"fnMap":{},"branchMap":{},"s":{"0":1,"1":1,"2":1,"3":1,"4":1},"f":{},"b":{},"_coverageSchema":"1a1c01bbd47fc00a2c39e90264f33305004495a9","hash":"583710bafabb0781cf7c7700b196c5711599d601"}
}
