TN:
SF:app.js
FNF:0
FNH:0
DA:1,1
DA:2,1
DA:4,1
DA:5,1
DA:6,1
DA:7,1
DA:9,1
DA:11,1
DA:12,1
DA:13,1
DA:14,1
DA:15,1
DA:17,1
LF:13
LH:13
BRDA:1,0,0,1
BRDA:1,0,1,0
BRDA:1,1,0,1
BRDA:1,1,1,0
BRF:4
BRH:2
end_of_record
TN:
SF:controller/user.js
FN:6,(anonymous_0)
FN:30,(anonymous_1)
FNF:2
FNH:2
FNDA:12,(anonymous_0)
FNDA:3,(anonymous_1)
DA:1,1
DA:2,1
DA:3,1
DA:13,12
DA:15,12
DA:16,12
DA:24,1
DA:26,11
DA:31,3
DA:32,3
DA:33,3
DA:38,3
DA:43,3
DA:44,1
DA:46,2
DA:47,1
DA:49,1
DA:54,1
DA:56,1
DA:64,2
DA:69,1
LF:21
LH:21
BRDA:43,0,0,1
BRDA:43,0,1,2
BRDA:46,1,0,1
BRDA:46,1,1,1
BRF:4
BRH:4
end_of_record
TN:
SF:helpers/bcrypt.js
FN:3,hashPassword
FN:7,comparePassword
FNF:2
FNH:2
FNDA:17,hashPassword
FNDA:2,comparePassword
DA:1,1
DA:4,17
DA:8,2
DA:11,1
LF:4
LH:4
BRF:0
BRH:0
end_of_record
TN:
SF:helpers/jwt.js
FN:5,signJWT
FN:9,verifyJWT
FNF:2
FNH:1
FNDA:1,signJWT
FNDA:0,verifyJWT
DA:1,1
DA:3,1
DA:6,1
DA:10,0
DA:13,1
LF:5
LH:4
BRF:0
BRH:0
end_of_record
TN:
SF:middlewares/errorHandler.js
FN:1,errorHandler
FN:13,(anonymous_1)
FN:20,(anonymous_2)
FNF:3
FNH:3
FNDA:13,errorHandler
FNDA:11,(anonymous_1)
FNDA:1,(anonymous_2)
DA:2,13
DA:3,13
DA:5,13
DA:7,2
DA:8,2
DA:9,2
DA:12,10
DA:13,10
DA:14,11
DA:16,10
DA:19,1
DA:20,1
DA:21,1
DA:23,1
DA:26,0
DA:27,0
DA:28,0
DA:29,0
DA:32,13
DA:35,1
LF:20
LH:16
BRDA:5,0,0,2
BRDA:5,0,1,10
BRDA:5,0,2,1
BRDA:5,0,3,0
BRDA:27,1,0,0
BRDA:27,1,1,0
BRF:6
BRH:3
end_of_record
TN:
SF:models/department.js
FN:5,(anonymous_0)
FN:12,(anonymous_1)
FNF:2
FNH:2
FNDA:1,(anonymous_0)
FNDA:1,(anonymous_1)
DA:4,1
DA:5,1
DA:14,1
DA:17,1
DA:23,1
LF:5
LH:5
BRF:0
BRH:0
end_of_record
TN:
SF:models/index.js
FN:20,(anonymous_0)
FN:23,(anonymous_1)
FN:28,(anonymous_2)
FNF:3
FNH:3
FNDA:3,(anonymous_0)
FNDA:2,(anonymous_1)
FNDA:2,(anonymous_2)
DA:3,1
DA:4,1
DA:5,1
DA:6,1
DA:7,1
DA:8,1
DA:9,1
DA:12,1
DA:13,0
DA:15,1
DA:18,1
DA:21,3
DA:24,2
DA:25,2
DA:28,1
DA:29,2
DA:30,2
DA:34,1
DA:35,1
DA:37,1
LF:20
LH:19
BRDA:7,0,0,1
BRDA:7,0,1,0
BRDA:12,1,0,0
BRDA:12,1,1,1
BRDA:21,2,0,3
BRDA:21,2,1,3
BRDA:21,2,2,2
BRDA:29,3,0,2
BRDA:29,3,1,0
BRF:9
BRH:6
end_of_record
TN:
SF:models/user.js
FN:6,(anonymous_0)
FN:13,(anonymous_1)
FN:84,(anonymous_2)
FNF:3
FNH:3
FNDA:1,(anonymous_0)
FNDA:1,(anonymous_1)
FNDA:17,(anonymous_2)
DA:4,1
DA:5,1
DA:6,1
DA:15,1
DA:18,1
DA:85,17
DA:91,1
LF:7
LH:7
BRF:0
BRH:0
end_of_record
TN:
SF:routes/index.js
FNF:0
FNH:0
DA:1,1
DA:2,1
DA:4,1
DA:6,1
LF:4
LH:4
BRF:0
BRH:0
end_of_record
TN:
SF:routes/user.js
FNF:0
FNH:0
DA:1,1
DA:2,1
DA:4,1
DA:5,1
DA:7,1
LF:5
LH:5
BRF:0
BRH:0
end_of_record
