{"D:\\hacktiv8\\phase-3\\final-project\\fix\\B-track-server\\app.js": {"path":"D:\\hacktiv8\\phase-3\\final-project\\fix\\B-track-server\\app.js","statementMap":{"0":{"start":{"line":1,"column":0},"end":{"line":1,"column":27}},"1":{"start":{"line":2,"column":16},"end":{"line":2,"column":34}},"2":{"start":{"line":3,"column":13},"end":{"line":3,"column":28}},"3":{"start":{"line":4,"column":16},"end":{"line":4,"column":35}},"4":{"start":{"line":6,"column":12},"end":{"line":6,"column":21}},"5":{"start":{"line":9,"column":0},"end":{"line":9,"column":16}},"6":{"start":{"line":10,"column":0},"end":{"line":10,"column":49}},"7":{"start":{"line":11,"column":0},"end":{"line":11,"column":24}},"8":{"start":{"line":14,"column":0},"end":{"line":14,"column":17}},"9":{"start":{"line":19,"column":0},"end":{"line":19,"column":21}}},"fnMap":{},"branchMap":{},"s":{"0":1,"1":1,"2":1,"3":1,"4":1,"5":1,"6":1,"7":1,"8":1,"9":1},"f":{},"b":{},"_coverageSchema":"1a1c01bbd47fc00a2c39e90264f33305004495a9","hash":"4edef233e58ec8f80dd141ef7d336ea37b1efaba"}
,"D:\\hacktiv8\\phase-3\\final-project\\fix\\B-track-server\\apis\\imageKit.js": {"path":"D:\\hacktiv8\\phase-3\\final-project\\fix\\B-track-server\\apis\\imageKit.js","statementMap":{"0":{"start":{"line":1,"column":14},"end":{"line":1,"column":30}},"1":{"start":{"line":3,"column":15},"end":{"line":3,"column":85}},"2":{"start":{"line":5,"column":17},"end":{"line":10,"column":2}},"3":{"start":{"line":12,"column":0},"end":{"line":12,"column":25}}},"fnMap":{},"branchMap":{},"s":{"0":1,"1":1,"2":1,"3":1},"f":{},"b":{},"_coverageSchema":"1a1c01bbd47fc00a2c39e90264f33305004495a9","hash":"61a76581621a97d6d118a0caa89a7fb8493c39ed"}
,"D:\\hacktiv8\\phase-3\\final-project\\fix\\B-track-server\\apis\\verify.js": {"path":"D:\\hacktiv8\\phase-3\\final-project\\fix\\B-track-server\\apis\\verify.js","statementMap":{"0":{"start":{"line":1,"column":14},"end":{"line":1,"column":30}},"1":{"start":{"line":3,"column":18},"end":{"line":3,"column":46}},"2":{"start":{"line":4,"column":17},"end":{"line":4,"column":44}},"3":{"start":{"line":5,"column":16},"end":{"line":5,"column":42}},"4":{"start":{"line":7,"column":17},"end":{"line":13,"column":2}},"5":{"start":{"line":15,"column":0},"end":{"line":15,"column":25}}},"fnMap":{},"branchMap":{},"s":{"0":1,"1":1,"2":1,"3":1,"4":1,"5":1},"f":{},"b":{},"_coverageSchema":"1a1c01bbd47fc00a2c39e90264f33305004495a9","hash":"03860deadeb64d68c8046e1fb40af7d797f0eae5"}
,"D:\\hacktiv8\\phase-3\\final-project\\fix\\B-track-server\\controllers\\budgetController.js": {"path":"D:\\hacktiv8\\phase-3\\final-project\\fix\\B-track-server\\controllers\\budgetController.js","statementMap":{"0":{"start":{"line":1,"column":17},"end":{"line":1,"column":49}},"1":{"start":{"line":8,"column":4},"end":{"line":8,"column":24}},"2":{"start":{"line":12,"column":4},"end":{"line":24,"column":5}},"3":{"start":{"line":13,"column":25},"end":{"line":19,"column":8}},"4":{"start":{"line":21,"column":6},"end":{"line":21,"column":39}},"5":{"start":{"line":23,"column":6},"end":{"line":23,"column":16}},"6":{"start":{"line":28,"column":25},"end":{"line":28,"column":38}},"7":{"start":{"line":29,"column":4},"end":{"line":46,"column":5}},"8":{"start":{"line":30,"column":29},"end":{"line":30,"column":68}},"9":{"start":{"line":31,"column":6},"end":{"line":31,"column":54}},"10":{"start":{"line":31,"column":27},"end":{"line":31,"column":54}},"11":{"start":{"line":32,"column":25},"end":{"line":41,"column":8}},"12":{"start":{"line":43,"column":6},"end":{"line":43,"column":39}},"13":{"start":{"line":45,"column":6},"end":{"line":45,"column":16}},"14":{"start":{"line":50,"column":21},"end":{"line":50,"column":34}},"15":{"start":{"line":51,"column":4},"end":{"line":73,"column":5}},"16":{"start":{"line":52,"column":28},"end":{"line":67,"column":8}},"17":{"start":{"line":68,"column":6},"end":{"line":68,"column":53}},"18":{"start":{"line":68,"column":26},"end":{"line":68,"column":53}},"19":{"start":{"line":70,"column":6},"end":{"line":70,"column":42}},"20":{"start":{"line":72,"column":6},"end":{"line":72,"column":16}},"21":{"start":{"line":77,"column":45},"end":{"line":77,"column":53}},"22":{"start":{"line":78,"column":29},"end":{"line":78,"column":37}},"23":{"start":{"line":80,"column":4},"end":{"line":94,"column":5}},"24":{"start":{"line":81,"column":30},"end":{"line":89,"column":8}},"25":{"start":{"line":91,"column":6},"end":{"line":91,"column":44}},"26":{"start":{"line":93,"column":6},"end":{"line":93,"column":16}},"27":{"start":{"line":98,"column":47},"end":{"line":98,"column":55}},"28":{"start":{"line":99,"column":21},"end":{"line":99,"column":34}},"29":{"start":{"line":101,"column":4},"end":{"line":123,"column":5}},"30":{"start":{"line":102,"column":27},"end":{"line":114,"column":7}},"31":{"start":{"line":116,"column":6},"end":{"line":118,"column":7}},"32":{"start":{"line":117,"column":8},"end":{"line":117,"column":19}},"33":{"start":{"line":120,"column":6},"end":{"line":120,"column":58}},"34":{"start":{"line":122,"column":6},"end":{"line":122,"column":16}},"35":{"start":{"line":127,"column":21},"end":{"line":127,"column":34}},"36":{"start":{"line":129,"column":4},"end":{"line":140,"column":5}},"37":{"start":{"line":130,"column":24},"end":{"line":130,"column":55}},"38":{"start":{"line":132,"column":6},"end":{"line":137,"column":7}},"39":{"start":{"line":133,"column":8},"end":{"line":133,"column":35}},"40":{"start":{"line":135,"column":8},"end":{"line":135,"column":58}},"41":{"start":{"line":136,"column":8},"end":{"line":136,"column":73}},"42":{"start":{"line":139,"column":6},"end":{"line":139,"column":16}},"43":{"start":{"line":144,"column":0},"end":{"line":144,"column":34}}},"fnMap":{"0":{"name":"(anonymous_0)","decl":{"start":{"line":11,"column":2},"end":{"line":11,"column":3}},"loc":{"start":{"line":11,"column":36},"end":{"line":25,"column":3}},"line":11},"1":{"name":"(anonymous_1)","decl":{"start":{"line":27,"column":2},"end":{"line":27,"column":3}},"loc":{"start":{"line":27,"column":47},"end":{"line":47,"column":3}},"line":27},"2":{"name":"(anonymous_2)","decl":{"start":{"line":49,"column":2},"end":{"line":49,"column":3}},"loc":{"start":{"line":49,"column":48},"end":{"line":74,"column":3}},"line":49},"3":{"name":"(anonymous_3)","decl":{"start":{"line":76,"column":2},"end":{"line":76,"column":3}},"loc":{"start":{"line":76,"column":44},"end":{"line":95,"column":3}},"line":76},"4":{"name":"(anonymous_4)","decl":{"start":{"line":97,"column":2},"end":{"line":97,"column":3}},"loc":{"start":{"line":97,"column":42},"end":{"line":124,"column":3}},"line":97},"5":{"name":"(anonymous_5)","decl":{"start":{"line":126,"column":2},"end":{"line":126,"column":3}},"loc":{"start":{"line":126,"column":44},"end":{"line":141,"column":3}},"line":126}},"branchMap":{"0":{"loc":{"start":{"line":31,"column":6},"end":{"line":31,"column":54}},"type":"if","locations":[{"start":{"line":31,"column":6},"end":{"line":31,"column":54}},{"start":{"line":31,"column":6},"end":{"line":31,"column":54}}],"line":31},"1":{"loc":{"start":{"line":68,"column":6},"end":{"line":68,"column":53}},"type":"if","locations":[{"start":{"line":68,"column":6},"end":{"line":68,"column":53}},{"start":{"line":68,"column":6},"end":{"line":68,"column":53}}],"line":68},"2":{"loc":{"start":{"line":116,"column":6},"end":{"line":118,"column":7}},"type":"if","locations":[{"start":{"line":116,"column":6},"end":{"line":118,"column":7}},{"start":{"line":116,"column":6},"end":{"line":118,"column":7}}],"line":116},"3":{"loc":{"start":{"line":132,"column":6},"end":{"line":137,"column":7}},"type":"if","locations":[{"start":{"line":132,"column":6},"end":{"line":137,"column":7}},{"start":{"line":132,"column":6},"end":{"line":137,"column":7}}],"line":132}},"s":{"0":1,"1":1,"2":1,"3":1,"4":1,"5":0,"6":2,"7":2,"8":2,"9":2,"10":1,"11":1,"12":1,"13":1,"14":1,"15":1,"16":1,"17":1,"18":0,"19":1,"20":0,"21":0,"22":0,"23":0,"24":0,"25":0,"26":0,"27":0,"28":0,"29":0,"30":0,"31":0,"32":0,"33":0,"34":0,"35":0,"36":0,"37":0,"38":0,"39":0,"40":0,"41":0,"42":0,"43":1},"f":{"0":1,"1":2,"2":1,"3":0,"4":0,"5":0},"b":{"0":[1,1],"1":[0,1],"2":[0,0],"3":[0,0]},"_coverageSchema":"1a1c01bbd47fc00a2c39e90264f33305004495a9","hash":"986594d9fd9f63b65884b1f29cad50fe72294ddd"}
,"D:\\hacktiv8\\phase-3\\final-project\\fix\\B-track-server\\controllers\\categoryController.js": {"path":"D:\\hacktiv8\\phase-3\\final-project\\fix\\B-track-server\\controllers\\categoryController.js","statementMap":{"0":{"start":{"line":1,"column":21},"end":{"line":1,"column":41}},"1":{"start":{"line":5,"column":4},"end":{"line":10,"column":5}},"2":{"start":{"line":6,"column":19},"end":{"line":6,"column":44}},"3":{"start":{"line":7,"column":6},"end":{"line":7,"column":33}},"4":{"start":{"line":9,"column":6},"end":{"line":9,"column":16}},"5":{"start":{"line":14,"column":0},"end":{"line":14,"column":36}}},"fnMap":{"0":{"name":"(anonymous_0)","decl":{"start":{"line":4,"column":2},"end":{"line":4,"column":3}},"loc":{"start":{"line":4,"column":40},"end":{"line":11,"column":3}},"line":4}},"branchMap":{},"s":{"0":1,"1":0,"2":0,"3":0,"4":0,"5":1},"f":{"0":0},"b":{},"_coverageSchema":"1a1c01bbd47fc00a2c39e90264f33305004495a9","hash":"65d805f93859546221a97d373704b50624ef0009"}
,"D:\\hacktiv8\\phase-3\\final-project\\fix\\B-track-server\\controllers\\scanInvoiceController.js": {"path":"D:\\hacktiv8\\phase-3\\final-project\\fix\\B-track-server\\controllers\\scanInvoiceController.js","statementMap":{"0":{"start":{"line":4,"column":29},"end":{"line":4,"column":45}},"1":{"start":{"line":6,"column":8},"end":{"line":6,"column":46}},"2":{"start":{"line":10,"column":0},"end":{"line":10,"column":38}}},"fnMap":{"0":{"name":"(anonymous_0)","decl":{"start":{"line":3,"column":4},"end":{"line":3,"column":5}},"loc":{"start":{"line":3,"column":36},"end":{"line":7,"column":5}},"line":3}},"branchMap":{},"s":{"0":0,"1":0,"2":1},"f":{"0":0},"b":{},"_coverageSchema":"1a1c01bbd47fc00a2c39e90264f33305004495a9","hash":"071e0abc02590829458ea2d9f51e88ed1e5819e3"}
,"D:\\hacktiv8\\phase-3\\final-project\\fix\\B-track-server\\controllers\\transactionController.js": {"path":"D:\\hacktiv8\\phase-3\\final-project\\fix\\B-track-server\\controllers\\transactionController.js","statementMap":{"0":{"start":{"line":1,"column":32},"end":{"line":1,"column":52}},"1":{"start":{"line":5,"column":4},"end":{"line":12,"column":5}},"2":{"start":{"line":6,"column":21},"end":{"line":6,"column":31}},"3":{"start":{"line":7,"column":19},"end":{"line":7,"column":49}},"4":{"start":{"line":8,"column":6},"end":{"line":8,"column":44}},"5":{"start":{"line":8,"column":17},"end":{"line":8,"column":44}},"6":{"start":{"line":9,"column":6},"end":{"line":9,"column":33}},"7":{"start":{"line":11,"column":6},"end":{"line":11,"column":16}},"8":{"start":{"line":16,"column":4},"end":{"line":41,"column":5}},"9":{"start":{"line":17,"column":27},"end":{"line":17,"column":37}},"10":{"start":{"line":18,"column":21},"end":{"line":18,"column":32}},"11":{"start":{"line":19,"column":58},"end":{"line":19,"column":66}},"12":{"start":{"line":20,"column":25},"end":{"line":20,"column":56}},"13":{"start":{"line":21,"column":30},"end":{"line":29,"column":7}},"14":{"start":{"line":30,"column":19},"end":{"line":30,"column":60}},"15":{"start":{"line":31,"column":6},"end":{"line":37,"column":8}},"16":{"start":{"line":38,"column":6},"end":{"line":38,"column":33}},"17":{"start":{"line":40,"column":6},"end":{"line":40,"column":16}},"18":{"start":{"line":45,"column":4},"end":{"line":67,"column":5}},"19":{"start":{"line":46,"column":21},"end":{"line":46,"column":31}},"20":{"start":{"line":47,"column":21},"end":{"line":47,"column":32}},"21":{"start":{"line":48,"column":20},"end":{"line":48,"column":50}},"22":{"start":{"line":49,"column":6},"end":{"line":64,"column":7}},"23":{"start":{"line":50,"column":8},"end":{"line":50,"column":35}},"24":{"start":{"line":52,"column":60},"end":{"line":52,"column":68}},"25":{"start":{"line":53,"column":32},"end":{"line":61,"column":9}},"26":{"start":{"line":62,"column":8},"end":{"line":62,"column":69}},"27":{"start":{"line":63,"column":8},"end":{"line":63,"column":73}},"28":{"start":{"line":66,"column":6},"end":{"line":66,"column":16}},"29":{"start":{"line":71,"column":4},"end":{"line":82,"column":5}},"30":{"start":{"line":72,"column":21},"end":{"line":72,"column":31}},"31":{"start":{"line":73,"column":20},"end":{"line":73,"column":50}},"32":{"start":{"line":74,"column":6},"end":{"line":79,"column":7}},"33":{"start":{"line":75,"column":8},"end":{"line":75,"column":35}},"34":{"start":{"line":77,"column":8},"end":{"line":77,"column":53}},"35":{"start":{"line":78,"column":8},"end":{"line":78,"column":79}},"36":{"start":{"line":81,"column":6},"end":{"line":81,"column":16}},"37":{"start":{"line":86,"column":0},"end":{"line":86,"column":39}}},"fnMap":{"0":{"name":"(anonymous_0)","decl":{"start":{"line":4,"column":2},"end":{"line":4,"column":3}},"loc":{"start":{"line":4,"column":39},"end":{"line":13,"column":3}},"line":4},"1":{"name":"(anonymous_1)","decl":{"start":{"line":15,"column":2},"end":{"line":15,"column":3}},"loc":{"start":{"line":15,"column":38},"end":{"line":42,"column":3}},"line":15},"2":{"name":"(anonymous_2)","decl":{"start":{"line":44,"column":2},"end":{"line":44,"column":3}},"loc":{"start":{"line":44,"column":38},"end":{"line":68,"column":3}},"line":44},"3":{"name":"(anonymous_3)","decl":{"start":{"line":70,"column":2},"end":{"line":70,"column":3}},"loc":{"start":{"line":70,"column":38},"end":{"line":83,"column":3}},"line":70}},"branchMap":{"0":{"loc":{"start":{"line":8,"column":6},"end":{"line":8,"column":44}},"type":"if","locations":[{"start":{"line":8,"column":6},"end":{"line":8,"column":44}},{"start":{"line":8,"column":6},"end":{"line":8,"column":44}}],"line":8},"1":{"loc":{"start":{"line":49,"column":6},"end":{"line":64,"column":7}},"type":"if","locations":[{"start":{"line":49,"column":6},"end":{"line":64,"column":7}},{"start":{"line":49,"column":6},"end":{"line":64,"column":7}}],"line":49},"2":{"loc":{"start":{"line":74,"column":6},"end":{"line":79,"column":7}},"type":"if","locations":[{"start":{"line":74,"column":6},"end":{"line":79,"column":7}},{"start":{"line":74,"column":6},"end":{"line":79,"column":7}}],"line":74}},"s":{"0":1,"1":0,"2":0,"3":0,"4":0,"5":0,"6":0,"7":0,"8":0,"9":0,"10":0,"11":0,"12":0,"13":0,"14":0,"15":0,"16":0,"17":0,"18":0,"19":0,"20":0,"21":0,"22":0,"23":0,"24":0,"25":0,"26":0,"27":0,"28":0,"29":0,"30":0,"31":0,"32":0,"33":0,"34":0,"35":0,"36":0,"37":1},"f":{"0":0,"1":0,"2":0,"3":0},"b":{"0":[0,0],"1":[0,0],"2":[0,0]},"_coverageSchema":"1a1c01bbd47fc00a2c39e90264f33305004495a9","hash":"198f734b5147f558c3f80ace09d22c7b4039c392"}
,"D:\\hacktiv8\\phase-3\\final-project\\fix\\B-track-server\\controllers\\userController.js": {"path":"D:\\hacktiv8\\phase-3\\final-project\\fix\\B-track-server\\controllers\\userController.js","statementMap":{"0":{"start":{"line":1,"column":17},"end":{"line":1,"column":37}},"1":{"start":{"line":2,"column":24},"end":{"line":2,"column":58}},"2":{"start":{"line":3,"column":26},"end":{"line":3,"column":54}},"3":{"start":{"line":13,"column":12},"end":{"line":13,"column":20}},"4":{"start":{"line":15,"column":8},"end":{"line":27,"column":9}},"5":{"start":{"line":16,"column":28},"end":{"line":22,"column":14}},"6":{"start":{"line":24,"column":12},"end":{"line":24,"column":41}},"7":{"start":{"line":26,"column":12},"end":{"line":26,"column":21}},"8":{"start":{"line":31,"column":36},"end":{"line":31,"column":44}},"9":{"start":{"line":32,"column":8},"end":{"line":67,"column":9}},"10":{"start":{"line":33,"column":25},"end":{"line":37,"column":14}},"11":{"start":{"line":38,"column":28},"end":{"line":41,"column":13}},"12":{"start":{"line":43,"column":12},"end":{"line":64,"column":13}},"13":{"start":{"line":44,"column":16},"end":{"line":44,"column":31}},"14":{"start":{"line":46,"column":16},"end":{"line":63,"column":17}},"15":{"start":{"line":47,"column":20},"end":{"line":47,"column":35}},"16":{"start":{"line":49,"column":36},"end":{"line":54,"column":21}},"17":{"start":{"line":56,"column":41},"end":{"line":56,"column":61}},"18":{"start":{"line":58,"column":20},"end":{"line":62,"column":22}},"19":{"start":{"line":66,"column":12},"end":{"line":66,"column":21}},"20":{"start":{"line":71,"column":0},"end":{"line":71,"column":32}}},"fnMap":{"0":{"name":"(anonymous_0)","decl":{"start":{"line":6,"column":4},"end":{"line":6,"column":5}},"loc":{"start":{"line":6,"column":42},"end":{"line":28,"column":5}},"line":6},"1":{"name":"(anonymous_1)","decl":{"start":{"line":30,"column":4},"end":{"line":30,"column":5}},"loc":{"start":{"line":30,"column":39},"end":{"line":68,"column":5}},"line":30}},"branchMap":{"0":{"loc":{"start":{"line":43,"column":12},"end":{"line":64,"column":13}},"type":"if","locations":[{"start":{"line":43,"column":12},"end":{"line":64,"column":13}},{"start":{"line":43,"column":12},"end":{"line":64,"column":13}}],"line":43},"1":{"loc":{"start":{"line":46,"column":16},"end":{"line":63,"column":17}},"type":"if","locations":[{"start":{"line":46,"column":16},"end":{"line":63,"column":17}},{"start":{"line":46,"column":16},"end":{"line":63,"column":17}}],"line":46}},"s":{"0":1,"1":1,"2":1,"3":0,"4":0,"5":0,"6":0,"7":0,"8":0,"9":0,"10":0,"11":0,"12":0,"13":0,"14":0,"15":0,"16":0,"17":0,"18":0,"19":0,"20":1},"f":{"0":0,"1":0},"b":{"0":[0,0],"1":[0,0]},"_coverageSchema":"1a1c01bbd47fc00a2c39e90264f33305004495a9","hash":"c62e90047d91c312aa98043cf35c443dd129003b"}
,"D:\\hacktiv8\\phase-3\\final-project\\fix\\B-track-server\\helpers\\bcrypt.js": {"path":"D:\\hacktiv8\\phase-3\\final-project\\fix\\B-track-server\\helpers\\bcrypt.js","statementMap":{"0":{"start":{"line":1,"column":15},"end":{"line":1,"column":32}},"1":{"start":{"line":3,"column":21},"end":{"line":5,"column":1}},"2":{"start":{"line":4,"column":2},"end":{"line":4,"column":39}},"3":{"start":{"line":7,"column":22},"end":{"line":9,"column":1}},"4":{"start":{"line":8,"column":2},"end":{"line":8,"column":59}},"5":{"start":{"line":11,"column":0},"end":{"line":11,"column":49}}},"fnMap":{"0":{"name":"(anonymous_0)","decl":{"start":{"line":3,"column":21},"end":{"line":3,"column":22}},"loc":{"start":{"line":3,"column":41},"end":{"line":5,"column":1}},"line":3},"1":{"name":"(anonymous_1)","decl":{"start":{"line":7,"column":22},"end":{"line":7,"column":23}},"loc":{"start":{"line":7,"column":63},"end":{"line":9,"column":1}},"line":7}},"branchMap":{},"s":{"0":1,"1":1,"2":2,"3":1,"4":0,"5":1},"f":{"0":2,"1":0},"b":{},"_coverageSchema":"1a1c01bbd47fc00a2c39e90264f33305004495a9","hash":"8ac39c403f8ff709977d3c1588b27f4d0cfec559"}
,"D:\\hacktiv8\\phase-3\\final-project\\fix\\B-track-server\\helpers\\jsonwebtoken.js": {"path":"D:\\hacktiv8\\phase-3\\final-project\\fix\\B-track-server\\helpers\\jsonwebtoken.js","statementMap":{"0":{"start":{"line":1,"column":12},"end":{"line":1,"column":35}},"1":{"start":{"line":3,"column":20},"end":{"line":5,"column":1}},"2":{"start":{"line":4,"column":2},"end":{"line":4,"column":51}},"3":{"start":{"line":7,"column":20},"end":{"line":9,"column":1}},"4":{"start":{"line":8,"column":2},"end":{"line":8,"column":51}},"5":{"start":{"line":17,"column":0},"end":{"line":17,"column":46}}},"fnMap":{"0":{"name":"(anonymous_0)","decl":{"start":{"line":3,"column":20},"end":{"line":3,"column":21}},"loc":{"start":{"line":3,"column":39},"end":{"line":5,"column":1}},"line":3},"1":{"name":"(anonymous_1)","decl":{"start":{"line":7,"column":20},"end":{"line":7,"column":21}},"loc":{"start":{"line":7,"column":37},"end":{"line":9,"column":1}},"line":7}},"branchMap":{},"s":{"0":1,"1":1,"2":3,"3":1,"4":8,"5":1},"f":{"0":3,"1":8},"b":{},"_coverageSchema":"1a1c01bbd47fc00a2c39e90264f33305004495a9","hash":"12f3c6d2686c60a283d792ec44d0c3becabd049c"}
,"D:\\hacktiv8\\phase-3\\final-project\\fix\\B-track-server\\helpers\\nodemailer.js": {"path":"D:\\hacktiv8\\phase-3\\final-project\\fix\\B-track-server\\helpers\\nodemailer.js","statementMap":{"0":{"start":{"line":1,"column":19},"end":{"line":1,"column":40}},"1":{"start":{"line":2,"column":22},"end":{"line":2,"column":58}},"2":{"start":{"line":5,"column":22},"end":{"line":14,"column":3}},"3":{"start":{"line":16,"column":13},"end":{"line":22,"column":4}},"4":{"start":{"line":24,"column":2},"end":{"line":24,"column":28}},"5":{"start":{"line":36,"column":0},"end":{"line":36,"column":26}}},"fnMap":{"0":{"name":"sendMail","decl":{"start":{"line":4,"column":15},"end":{"line":4,"column":23}},"loc":{"start":{"line":4,"column":52},"end":{"line":34,"column":1}},"line":4}},"branchMap":{},"s":{"0":1,"1":1,"2":0,"3":0,"4":0,"5":1},"f":{"0":0},"b":{},"_coverageSchema":"1a1c01bbd47fc00a2c39e90264f33305004495a9","hash":"2aa9586a6fd82e92bc3dd77086e255a9b56c875c"}
,"D:\\hacktiv8\\phase-3\\final-project\\fix\\B-track-server\\middlewares\\authentication.js": {"path":"D:\\hacktiv8\\phase-3\\final-project\\fix\\B-track-server\\middlewares\\authentication.js","statementMap":{"0":{"start":{"line":1,"column":17},"end":{"line":1,"column":37}},"1":{"start":{"line":2,"column":24},"end":{"line":2,"column":58}},"2":{"start":{"line":5,"column":29},"end":{"line":5,"column":40}},"3":{"start":{"line":7,"column":4},"end":{"line":31,"column":5}},"4":{"start":{"line":8,"column":21},"end":{"line":8,"column":46}},"5":{"start":{"line":10,"column":21},"end":{"line":14,"column":10}},"6":{"start":{"line":16,"column":8},"end":{"line":28,"column":9}},"7":{"start":{"line":17,"column":12},"end":{"line":19,"column":14}},"8":{"start":{"line":21,"column":12},"end":{"line":26,"column":13}},"9":{"start":{"line":27,"column":12},"end":{"line":27,"column":18}},"10":{"start":{"line":30,"column":8},"end":{"line":30,"column":17}},"11":{"start":{"line":34,"column":0},"end":{"line":34,"column":31}}},"fnMap":{"0":{"name":"authentication","decl":{"start":{"line":4,"column":15},"end":{"line":4,"column":29}},"loc":{"start":{"line":4,"column":46},"end":{"line":32,"column":1}},"line":4}},"branchMap":{"0":{"loc":{"start":{"line":16,"column":8},"end":{"line":28,"column":9}},"type":"if","locations":[{"start":{"line":16,"column":8},"end":{"line":28,"column":9}},{"start":{"line":16,"column":8},"end":{"line":28,"column":9}}],"line":16}},"s":{"0":1,"1":1,"2":8,"3":8,"4":8,"5":6,"6":6,"7":2,"8":4,"9":4,"10":4,"11":1},"f":{"0":8},"b":{"0":[2,4]},"_coverageSchema":"1a1c01bbd47fc00a2c39e90264f33305004495a9","hash":"f66e8beea3bfdd033afce9eb9937c78e282cf06d"}
,"D:\\hacktiv8\\phase-3\\final-project\\fix\\B-track-server\\middlewares\\authzFinance.js": {"path":"D:\\hacktiv8\\phase-3\\final-project\\fix\\B-track-server\\middlewares\\authzFinance.js","statementMap":{"0":{"start":{"line":1,"column":21},"end":{"line":13,"column":1}},"1":{"start":{"line":2,"column":2},"end":{"line":12,"column":3}},"2":{"start":{"line":3,"column":23},"end":{"line":3,"column":50}},"3":{"start":{"line":5,"column":4},"end":{"line":7,"column":5}},"4":{"start":{"line":6,"column":6},"end":{"line":6,"column":38}},"5":{"start":{"line":9,"column":4},"end":{"line":9,"column":11}},"6":{"start":{"line":11,"column":4},"end":{"line":11,"column":14}},"7":{"start":{"line":15,"column":0},"end":{"line":15,"column":30}}},"fnMap":{"0":{"name":"(anonymous_0)","decl":{"start":{"line":1,"column":21},"end":{"line":1,"column":22}},"loc":{"start":{"line":1,"column":53},"end":{"line":13,"column":1}},"line":1}},"branchMap":{"0":{"loc":{"start":{"line":5,"column":4},"end":{"line":7,"column":5}},"type":"if","locations":[{"start":{"line":5,"column":4},"end":{"line":7,"column":5}},{"start":{"line":5,"column":4},"end":{"line":7,"column":5}}],"line":5}},"s":{"0":1,"1":1,"2":1,"3":1,"4":0,"5":1,"6":0,"7":1},"f":{"0":1},"b":{"0":[0,1]},"_coverageSchema":"1a1c01bbd47fc00a2c39e90264f33305004495a9","hash":"002dbeabf7dce32742388cc893fde6f959e42fa4"}
,"D:\\hacktiv8\\phase-3\\final-project\\fix\\B-track-server\\middlewares\\authzManagerDepartment.js": {"path":"D:\\hacktiv8\\phase-3\\final-project\\fix\\B-track-server\\middlewares\\authzManagerDepartment.js","statementMap":{"0":{"start":{"line":1,"column":31},"end":{"line":11,"column":1}},"1":{"start":{"line":2,"column":2},"end":{"line":10,"column":3}},"2":{"start":{"line":3,"column":4},"end":{"line":5,"column":5}},"3":{"start":{"line":4,"column":6},"end":{"line":4,"column":38}},"4":{"start":{"line":7,"column":4},"end":{"line":7,"column":11}},"5":{"start":{"line":9,"column":4},"end":{"line":9,"column":14}},"6":{"start":{"line":13,"column":0},"end":{"line":13,"column":40}}},"fnMap":{"0":{"name":"(anonymous_0)","decl":{"start":{"line":1,"column":31},"end":{"line":1,"column":32}},"loc":{"start":{"line":1,"column":63},"end":{"line":11,"column":1}},"line":1}},"branchMap":{"0":{"loc":{"start":{"line":3,"column":4},"end":{"line":5,"column":5}},"type":"if","locations":[{"start":{"line":3,"column":4},"end":{"line":5,"column":5}},{"start":{"line":3,"column":4},"end":{"line":5,"column":5}}],"line":3}},"s":{"0":1,"1":0,"2":0,"3":0,"4":0,"5":0,"6":1},"f":{"0":0},"b":{"0":[0,0]},"_coverageSchema":"1a1c01bbd47fc00a2c39e90264f33305004495a9","hash":"9027a04bd619d78f35ebad74def26258670cf512"}
,"D:\\hacktiv8\\phase-3\\final-project\\fix\\B-track-server\\middlewares\\authzManagerFinance.js": {"path":"D:\\hacktiv8\\phase-3\\final-project\\fix\\B-track-server\\middlewares\\authzManagerFinance.js","statementMap":{"0":{"start":{"line":1,"column":19},"end":{"line":1,"column":39}},"1":{"start":{"line":3,"column":28},"end":{"line":20,"column":1}},"2":{"start":{"line":4,"column":19},"end":{"line":4,"column":32}},"3":{"start":{"line":5,"column":2},"end":{"line":19,"column":3}},"4":{"start":{"line":6,"column":17},"end":{"line":6,"column":48}},"5":{"start":{"line":8,"column":4},"end":{"line":14,"column":5}},"6":{"start":{"line":9,"column":6},"end":{"line":9,"column":33}},"7":{"start":{"line":11,"column":6},"end":{"line":13,"column":7}},"8":{"start":{"line":12,"column":8},"end":{"line":12,"column":40}},"9":{"start":{"line":16,"column":4},"end":{"line":16,"column":11}},"10":{"start":{"line":18,"column":4},"end":{"line":18,"column":14}},"11":{"start":{"line":22,"column":0},"end":{"line":22,"column":37}}},"fnMap":{"0":{"name":"(anonymous_0)","decl":{"start":{"line":3,"column":28},"end":{"line":3,"column":29}},"loc":{"start":{"line":3,"column":60},"end":{"line":20,"column":1}},"line":3}},"branchMap":{"0":{"loc":{"start":{"line":8,"column":4},"end":{"line":14,"column":5}},"type":"if","locations":[{"start":{"line":8,"column":4},"end":{"line":14,"column":5}},{"start":{"line":8,"column":4},"end":{"line":14,"column":5}}],"line":8},"1":{"loc":{"start":{"line":11,"column":6},"end":{"line":13,"column":7}},"type":"if","locations":[{"start":{"line":11,"column":6},"end":{"line":13,"column":7}},{"start":{"line":11,"column":6},"end":{"line":13,"column":7}}],"line":11}},"s":{"0":1,"1":1,"2":0,"3":0,"4":0,"5":0,"6":0,"7":0,"8":0,"9":0,"10":0,"11":1},"f":{"0":0},"b":{"0":[0,0],"1":[0,0]},"_coverageSchema":"1a1c01bbd47fc00a2c39e90264f33305004495a9","hash":"86a5cdc7dac399c38ce043f2178b5b71c3409d69"}
,"D:\\hacktiv8\\phase-3\\final-project\\fix\\B-track-server\\middlewares\\errorHandler.js": {"path":"D:\\hacktiv8\\phase-3\\final-project\\fix\\B-track-server\\middlewares\\errorHandler.js","statementMap":{"0":{"start":{"line":1,"column":21},"end":{"line":57,"column":1}},"1":{"start":{"line":2,"column":13},"end":{"line":2,"column":21}},"2":{"start":{"line":3,"column":13},"end":{"line":3,"column":21}},"3":{"start":{"line":4,"column":16},"end":{"line":4,"column":27}},"4":{"start":{"line":6,"column":2},"end":{"line":54,"column":3}},"5":{"start":{"line":8,"column":21},"end":{"line":8,"column":55}},"6":{"start":{"line":8,"column":44},"end":{"line":8,"column":54}},"7":{"start":{"line":9,"column":6},"end":{"line":9,"column":23}},"8":{"start":{"line":10,"column":6},"end":{"line":10,"column":17}},"9":{"start":{"line":11,"column":6},"end":{"line":11,"column":12}},"10":{"start":{"line":13,"column":6},"end":{"line":13,"column":55}},"11":{"start":{"line":14,"column":6},"end":{"line":14,"column":17}},"12":{"start":{"line":15,"column":6},"end":{"line":15,"column":12}},"13":{"start":{"line":17,"column":6},"end":{"line":17,"column":33}},"14":{"start":{"line":18,"column":6},"end":{"line":18,"column":17}},"15":{"start":{"line":19,"column":6},"end":{"line":19,"column":12}},"16":{"start":{"line":21,"column":6},"end":{"line":21,"column":38}},"17":{"start":{"line":22,"column":6},"end":{"line":22,"column":17}},"18":{"start":{"line":23,"column":6},"end":{"line":23,"column":12}},"19":{"start":{"line":25,"column":6},"end":{"line":25,"column":41}},"20":{"start":{"line":26,"column":6},"end":{"line":26,"column":17}},"21":{"start":{"line":27,"column":6},"end":{"line":27,"column":12}},"22":{"start":{"line":29,"column":6},"end":{"line":29,"column":46}},"23":{"start":{"line":30,"column":6},"end":{"line":30,"column":17}},"24":{"start":{"line":31,"column":6},"end":{"line":31,"column":12}},"25":{"start":{"line":34,"column":6},"end":{"line":34,"column":32}},"26":{"start":{"line":35,"column":6},"end":{"line":35,"column":17}},"27":{"start":{"line":36,"column":6},"end":{"line":36,"column":12}},"28":{"start":{"line":38,"column":6},"end":{"line":38,"column":56}},"29":{"start":{"line":39,"column":6},"end":{"line":39,"column":17}},"30":{"start":{"line":40,"column":6},"end":{"line":40,"column":12}},"31":{"start":{"line":42,"column":6},"end":{"line":42,"column":28}},"32":{"start":{"line":43,"column":6},"end":{"line":43,"column":17}},"33":{"start":{"line":44,"column":6},"end":{"line":44,"column":12}},"34":{"start":{"line":46,"column":6},"end":{"line":46,"column":40}},"35":{"start":{"line":47,"column":6},"end":{"line":47,"column":17}},"36":{"start":{"line":48,"column":6},"end":{"line":48,"column":12}},"37":{"start":{"line":51,"column":6},"end":{"line":51,"column":23}},"38":{"start":{"line":52,"column":6},"end":{"line":52,"column":40}},"39":{"start":{"line":53,"column":6},"end":{"line":53,"column":17}},"40":{"start":{"line":56,"column":2},"end":{"line":56,"column":37}},"41":{"start":{"line":59,"column":0},"end":{"line":59,"column":30}}},"fnMap":{"0":{"name":"(anonymous_0)","decl":{"start":{"line":1,"column":21},"end":{"line":1,"column":22}},"loc":{"start":{"line":1,"column":52},"end":{"line":57,"column":1}},"line":1},"1":{"name":"(anonymous_1)","decl":{"start":{"line":8,"column":36},"end":{"line":8,"column":37}},"loc":{"start":{"line":8,"column":44},"end":{"line":8,"column":54}},"line":8}},"branchMap":{"0":{"loc":{"start":{"line":6,"column":2},"end":{"line":54,"column":3}},"type":"switch","locations":[{"start":{"line":7,"column":4},"end":{"line":11,"column":12}},{"start":{"line":12,"column":4},"end":{"line":15,"column":12}},{"start":{"line":16,"column":4},"end":{"line":19,"column":12}},{"start":{"line":20,"column":4},"end":{"line":23,"column":12}},{"start":{"line":24,"column":4},"end":{"line":27,"column":12}},{"start":{"line":28,"column":4},"end":{"line":31,"column":12}},{"start":{"line":33,"column":4},"end":{"line":36,"column":12}},{"start":{"line":37,"column":4},"end":{"line":40,"column":12}},{"start":{"line":41,"column":4},"end":{"line":44,"column":12}},{"start":{"line":45,"column":4},"end":{"line":48,"column":12}},{"start":{"line":50,"column":4},"end":{"line":53,"column":17}}],"line":6}},"s":{"0":1,"1":5,"2":5,"3":5,"4":5,"5":0,"6":0,"7":0,"8":0,"9":0,"10":0,"11":0,"12":0,"13":1,"14":1,"15":1,"16":2,"17":2,"18":2,"19":0,"20":0,"21":0,"22":0,"23":0,"24":0,"25":2,"26":2,"27":2,"28":0,"29":0,"30":0,"31":0,"32":0,"33":0,"34":0,"35":0,"36":0,"37":0,"38":0,"39":0,"40":5,"41":1},"f":{"0":5,"1":0},"b":{"0":[0,0,1,2,0,0,2,0,0,0,0]},"_coverageSchema":"1a1c01bbd47fc00a2c39e90264f33305004495a9","hash":"0e115de5fb1649f7d3b9678038a6b47efb4462fe"}
,"D:\\hacktiv8\\phase-3\\final-project\\fix\\B-track-server\\middlewares\\scanOCRVerify.js": {"path":"D:\\hacktiv8\\phase-3\\final-project\\fix\\B-track-server\\middlewares\\scanOCRVerify.js","statementMap":{"0":{"start":{"line":1,"column":18},"end":{"line":1,"column":43}},"1":{"start":{"line":4,"column":21},"end":{"line":4,"column":35}},"2":{"start":{"line":5,"column":4},"end":{"line":18,"column":5}},"3":{"start":{"line":6,"column":36},"end":{"line":12,"column":10}},"4":{"start":{"line":14,"column":8},"end":{"line":14,"column":54}},"5":{"start":{"line":15,"column":8},"end":{"line":15,"column":14}},"6":{"start":{"line":17,"column":8},"end":{"line":17,"column":17}},"7":{"start":{"line":21,"column":0},"end":{"line":21,"column":30}}},"fnMap":{"0":{"name":"scanOCRVerify","decl":{"start":{"line":3,"column":15},"end":{"line":3,"column":28}},"loc":{"start":{"line":3,"column":45},"end":{"line":19,"column":1}},"line":3}},"branchMap":{},"s":{"0":1,"1":0,"2":0,"3":0,"4":0,"5":0,"6":0,"7":1},"f":{"0":0},"b":{},"_coverageSchema":"1a1c01bbd47fc00a2c39e90264f33305004495a9","hash":"7f833fc7fba337ab357ea587fef1feed3c07d92a"}
,"D:\\hacktiv8\\phase-3\\final-project\\fix\\B-track-server\\middlewares\\uploadImageKit.js": {"path":"D:\\hacktiv8\\phase-3\\final-project\\fix\\B-track-server\\middlewares\\uploadImageKit.js","statementMap":{"0":{"start":{"line":1,"column":17},"end":{"line":1,"column":37}},"1":{"start":{"line":2,"column":20},"end":{"line":2,"column":47}},"2":{"start":{"line":5,"column":4},"end":{"line":27,"column":5}},"3":{"start":{"line":6,"column":8},"end":{"line":6,"column":30}},"4":{"start":{"line":7,"column":21},"end":{"line":7,"column":55}},"5":{"start":{"line":8,"column":25},"end":{"line":8,"column":46}},"6":{"start":{"line":10,"column":25},"end":{"line":10,"column":39}},"7":{"start":{"line":11,"column":8},"end":{"line":11,"column":37}},"8":{"start":{"line":12,"column":8},"end":{"line":12,"column":45}},"9":{"start":{"line":14,"column":38},"end":{"line":21,"column":10}},"10":{"start":{"line":23,"column":8},"end":{"line":23,"column":40}},"11":{"start":{"line":24,"column":8},"end":{"line":24,"column":14}},"12":{"start":{"line":26,"column":8},"end":{"line":26,"column":17}},"13":{"start":{"line":30,"column":0},"end":{"line":30,"column":33}}},"fnMap":{"0":{"name":"uploadToImagekit","decl":{"start":{"line":4,"column":15},"end":{"line":4,"column":31}},"loc":{"start":{"line":4,"column":48},"end":{"line":28,"column":1}},"line":4}},"branchMap":{},"s":{"0":1,"1":1,"2":0,"3":0,"4":0,"5":0,"6":0,"7":0,"8":0,"9":0,"10":0,"11":0,"12":0,"13":1},"f":{"0":0},"b":{},"_coverageSchema":"1a1c01bbd47fc00a2c39e90264f33305004495a9","hash":"fffe27ca3a824d887e4871184c2994466308709e"}
,"D:\\hacktiv8\\phase-3\\final-project\\fix\\B-track-server\\models\\budget.js": {"path":"D:\\hacktiv8\\phase-3\\final-project\\fix\\B-track-server\\models\\budget.js","statementMap":{"0":{"start":{"line":2,"column":18},"end":{"line":2,"column":38}},"1":{"start":{"line":3,"column":0},"end":{"line":91,"column":2}},"2":{"start":{"line":6,"column":6},"end":{"line":6,"column":41}},"3":{"start":{"line":7,"column":6},"end":{"line":7,"column":42}},"4":{"start":{"line":10,"column":2},"end":{"line":89,"column":4}},"5":{"start":{"line":83,"column":10},"end":{"line":83,"column":51}},"6":{"start":{"line":90,"column":2},"end":{"line":90,"column":16}}},"fnMap":{"0":{"name":"(anonymous_0)","decl":{"start":{"line":3,"column":17},"end":{"line":3,"column":18}},"loc":{"start":{"line":3,"column":43},"end":{"line":91,"column":1}},"line":3},"1":{"name":"(anonymous_1)","decl":{"start":{"line":5,"column":4},"end":{"line":5,"column":5}},"loc":{"start":{"line":5,"column":29},"end":{"line":8,"column":5}},"line":5},"2":{"name":"(anonymous_2)","decl":{"start":{"line":82,"column":22},"end":{"line":82,"column":23}},"loc":{"start":{"line":82,"column":36},"end":{"line":84,"column":9}},"line":82}},"branchMap":{},"s":{"0":1,"1":1,"2":1,"3":1,"4":1,"5":0,"6":1},"f":{"0":1,"1":1,"2":0},"b":{},"_coverageSchema":"1a1c01bbd47fc00a2c39e90264f33305004495a9","hash":"ea869dd989626f3bbe10e0e11c802def429ca43f"}
,"D:\\hacktiv8\\phase-3\\final-project\\fix\\B-track-server\\models\\category.js": {"path":"D:\\hacktiv8\\phase-3\\final-project\\fix\\B-track-server\\models\\category.js","statementMap":{"0":{"start":{"line":2,"column":18},"end":{"line":2,"column":38}},"1":{"start":{"line":3,"column":0},"end":{"line":32,"column":2}},"2":{"start":{"line":11,"column":6},"end":{"line":11,"column":43}},"3":{"start":{"line":14,"column":2},"end":{"line":30,"column":4}},"4":{"start":{"line":31,"column":2},"end":{"line":31,"column":18}}},"fnMap":{"0":{"name":"(anonymous_0)","decl":{"start":{"line":3,"column":17},"end":{"line":3,"column":18}},"loc":{"start":{"line":3,"column":43},"end":{"line":32,"column":1}},"line":3},"1":{"name":"(anonymous_1)","decl":{"start":{"line":10,"column":4},"end":{"line":10,"column":5}},"loc":{"start":{"line":10,"column":29},"end":{"line":12,"column":5}},"line":10}},"branchMap":{},"s":{"0":1,"1":1,"2":1,"3":1,"4":1},"f":{"0":1,"1":1},"b":{},"_coverageSchema":"1a1c01bbd47fc00a2c39e90264f33305004495a9","hash":"32be603101bd730c13423401763f0ec8a2999e8b"}
,"D:\\hacktiv8\\phase-3\\final-project\\fix\\B-track-server\\models\\department.js": {"path":"D:\\hacktiv8\\phase-3\\final-project\\fix\\B-track-server\\models\\department.js","statementMap":{"0":{"start":{"line":2,"column":18},"end":{"line":2,"column":38}},"1":{"start":{"line":3,"column":0},"end":{"line":33,"column":2}},"2":{"start":{"line":11,"column":6},"end":{"line":11,"column":38}},"3":{"start":{"line":12,"column":6},"end":{"line":12,"column":40}},"4":{"start":{"line":15,"column":2},"end":{"line":31,"column":4}},"5":{"start":{"line":32,"column":2},"end":{"line":32,"column":20}}},"fnMap":{"0":{"name":"(anonymous_0)","decl":{"start":{"line":3,"column":17},"end":{"line":3,"column":18}},"loc":{"start":{"line":3,"column":43},"end":{"line":33,"column":1}},"line":3},"1":{"name":"(anonymous_1)","decl":{"start":{"line":10,"column":4},"end":{"line":10,"column":5}},"loc":{"start":{"line":10,"column":29},"end":{"line":13,"column":5}},"line":10}},"branchMap":{},"s":{"0":1,"1":1,"2":1,"3":1,"4":1,"5":1},"f":{"0":1,"1":1},"b":{},"_coverageSchema":"1a1c01bbd47fc00a2c39e90264f33305004495a9","hash":"0d207881591875847937fa1b66f2f5ecd795c377"}
,"D:\\hacktiv8\\phase-3\\final-project\\fix\\B-track-server\\models\\index.js": {"path":"D:\\hacktiv8\\phase-3\\final-project\\fix\\B-track-server\\models\\index.js","statementMap":{"0":{"start":{"line":3,"column":11},"end":{"line":3,"column":24}},"1":{"start":{"line":4,"column":13},"end":{"line":4,"column":28}},"2":{"start":{"line":5,"column":18},"end":{"line":5,"column":38}},"3":{"start":{"line":6,"column":17},"end":{"line":6,"column":42}},"4":{"start":{"line":7,"column":12},"end":{"line":7,"column":49}},"5":{"start":{"line":8,"column":15},"end":{"line":8,"column":65}},"6":{"start":{"line":9,"column":11},"end":{"line":9,"column":13}},"7":{"start":{"line":12,"column":0},"end":{"line":16,"column":1}},"8":{"start":{"line":13,"column":2},"end":{"line":13,"column":74}},"9":{"start":{"line":15,"column":2},"end":{"line":15,"column":87}},"10":{"start":{"line":18,"column":0},"end":{"line":26,"column":5}},"11":{"start":{"line":21,"column":4},"end":{"line":21,"column":90}},"12":{"start":{"line":24,"column":18},"end":{"line":24,"column":85}},"13":{"start":{"line":25,"column":4},"end":{"line":25,"column":27}},"14":{"start":{"line":28,"column":0},"end":{"line":32,"column":3}},"15":{"start":{"line":29,"column":2},"end":{"line":31,"column":3}},"16":{"start":{"line":30,"column":4},"end":{"line":30,"column":32}},"17":{"start":{"line":34,"column":0},"end":{"line":34,"column":25}},"18":{"start":{"line":35,"column":0},"end":{"line":35,"column":25}},"19":{"start":{"line":37,"column":0},"end":{"line":37,"column":20}}},"fnMap":{"0":{"name":"(anonymous_0)","decl":{"start":{"line":20,"column":10},"end":{"line":20,"column":11}},"loc":{"start":{"line":20,"column":18},"end":{"line":22,"column":3}},"line":20},"1":{"name":"(anonymous_1)","decl":{"start":{"line":23,"column":11},"end":{"line":23,"column":12}},"loc":{"start":{"line":23,"column":19},"end":{"line":26,"column":3}},"line":23},"2":{"name":"(anonymous_2)","decl":{"start":{"line":28,"column":24},"end":{"line":28,"column":25}},"loc":{"start":{"line":28,"column":37},"end":{"line":32,"column":1}},"line":28}},"branchMap":{"0":{"loc":{"start":{"line":7,"column":12},"end":{"line":7,"column":49}},"type":"binary-expr","locations":[{"start":{"line":7,"column":12},"end":{"line":7,"column":32}},{"start":{"line":7,"column":36},"end":{"line":7,"column":49}}],"line":7},"1":{"loc":{"start":{"line":12,"column":0},"end":{"line":16,"column":1}},"type":"if","locations":[{"start":{"line":12,"column":0},"end":{"line":16,"column":1}},{"start":{"line":12,"column":0},"end":{"line":16,"column":1}}],"line":12},"2":{"loc":{"start":{"line":21,"column":11},"end":{"line":21,"column":89}},"type":"binary-expr","locations":[{"start":{"line":21,"column":12},"end":{"line":21,"column":35}},{"start":{"line":21,"column":41},"end":{"line":21,"column":58}},{"start":{"line":21,"column":64},"end":{"line":21,"column":88}}],"line":21},"3":{"loc":{"start":{"line":29,"column":2},"end":{"line":31,"column":3}},"type":"if","locations":[{"start":{"line":29,"column":2},"end":{"line":31,"column":3}},{"start":{"line":29,"column":2},"end":{"line":31,"column":3}}],"line":29}},"s":{"0":1,"1":1,"2":1,"3":1,"4":1,"5":1,"6":1,"7":1,"8":0,"9":1,"10":1,"11":6,"12":5,"13":5,"14":1,"15":5,"16":5,"17":1,"18":1,"19":1},"f":{"0":6,"1":5,"2":5},"b":{"0":[1,0],"1":[0,1],"2":[6,6,5],"3":[5,0]},"_coverageSchema":"1a1c01bbd47fc00a2c39e90264f33305004495a9","hash":"ceda71b1509a60f28117a210358a83794936fe8e"}
,"D:\\hacktiv8\\phase-3\\final-project\\fix\\B-track-server\\models\\transaction.js": {"path":"D:\\hacktiv8\\phase-3\\final-project\\fix\\B-track-server\\models\\transaction.js","statementMap":{"0":{"start":{"line":2,"column":18},"end":{"line":2,"column":38}},"1":{"start":{"line":3,"column":0},"end":{"line":84,"column":2}},"2":{"start":{"line":11,"column":6},"end":{"line":11,"column":43}},"3":{"start":{"line":12,"column":6},"end":{"line":12,"column":41}},"4":{"start":{"line":13,"column":6},"end":{"line":13,"column":45}},"5":{"start":{"line":16,"column":2},"end":{"line":82,"column":4}},"6":{"start":{"line":83,"column":2},"end":{"line":83,"column":21}}},"fnMap":{"0":{"name":"(anonymous_0)","decl":{"start":{"line":3,"column":17},"end":{"line":3,"column":18}},"loc":{"start":{"line":3,"column":43},"end":{"line":84,"column":1}},"line":3},"1":{"name":"(anonymous_1)","decl":{"start":{"line":10,"column":4},"end":{"line":10,"column":5}},"loc":{"start":{"line":10,"column":29},"end":{"line":14,"column":5}},"line":10}},"branchMap":{},"s":{"0":1,"1":1,"2":1,"3":1,"4":1,"5":1,"6":1},"f":{"0":1,"1":1},"b":{},"_coverageSchema":"1a1c01bbd47fc00a2c39e90264f33305004495a9","hash":"05478c8c013aa5fc9736509d019b4895207e5249"}
,"D:\\hacktiv8\\phase-3\\final-project\\fix\\B-track-server\\models\\user.js": {"path":"D:\\hacktiv8\\phase-3\\final-project\\fix\\B-track-server\\models\\user.js","statementMap":{"0":{"start":{"line":2,"column":18},"end":{"line":2,"column":38}},"1":{"start":{"line":3,"column":25},"end":{"line":3,"column":53}},"2":{"start":{"line":5,"column":0},"end":{"line":104,"column":2}},"3":{"start":{"line":13,"column":6},"end":{"line":13,"column":40}},"4":{"start":{"line":16,"column":2},"end":{"line":102,"column":4}},"5":{"start":{"line":96,"column":10},"end":{"line":96,"column":62}},"6":{"start":{"line":103,"column":2},"end":{"line":103,"column":14}}},"fnMap":{"0":{"name":"(anonymous_0)","decl":{"start":{"line":5,"column":17},"end":{"line":5,"column":18}},"loc":{"start":{"line":5,"column":43},"end":{"line":104,"column":1}},"line":5},"1":{"name":"(anonymous_1)","decl":{"start":{"line":12,"column":4},"end":{"line":12,"column":5}},"loc":{"start":{"line":12,"column":29},"end":{"line":14,"column":5}},"line":12},"2":{"name":"(anonymous_2)","decl":{"start":{"line":95,"column":22},"end":{"line":95,"column":23}},"loc":{"start":{"line":95,"column":36},"end":{"line":97,"column":9}},"line":95}},"branchMap":{},"s":{"0":1,"1":1,"2":1,"3":1,"4":1,"5":2,"6":1},"f":{"0":1,"1":1,"2":2},"b":{},"_coverageSchema":"1a1c01bbd47fc00a2c39e90264f33305004495a9","hash":"7909cb3605384eb74ad51a3eb0ffc8bee609ff3e"}
,"D:\\hacktiv8\\phase-3\\final-project\\fix\\B-track-server\\routes\\budgetRoutes.js": {"path":"D:\\hacktiv8\\phase-3\\final-project\\fix\\B-track-server\\routes\\budgetRoutes.js","statementMap":{"0":{"start":{"line":1,"column":16},"end":{"line":1,"column":34}},"1":{"start":{"line":2,"column":15},"end":{"line":2,"column":31}},"2":{"start":{"line":3,"column":25},"end":{"line":3,"column":67}},"3":{"start":{"line":4,"column":23},"end":{"line":4,"column":63}},"4":{"start":{"line":5,"column":31},"end":{"line":5,"column":79}},"5":{"start":{"line":6,"column":28},"end":{"line":6,"column":73}},"6":{"start":{"line":7,"column":21},"end":{"line":7,"column":59}},"7":{"start":{"line":9,"column":0},"end":{"line":9,"column":27}},"8":{"start":{"line":11,"column":0},"end":{"line":11,"column":55}},"9":{"start":{"line":13,"column":0},"end":{"line":13,"column":64}},"10":{"start":{"line":15,"column":0},"end":{"line":15,"column":54}},"11":{"start":{"line":17,"column":0},"end":{"line":17,"column":72}},"12":{"start":{"line":19,"column":0},"end":{"line":19,"column":69}},"13":{"start":{"line":21,"column":0},"end":{"line":21,"column":77}},"14":{"start":{"line":23,"column":0},"end":{"line":23,"column":24}}},"fnMap":{},"branchMap":{},"s":{"0":1,"1":1,"2":1,"3":1,"4":1,"5":1,"6":1,"7":1,"8":1,"9":1,"10":1,"11":1,"12":1,"13":1,"14":1},"f":{},"b":{},"_coverageSchema":"1a1c01bbd47fc00a2c39e90264f33305004495a9","hash":"7d5017b25bf59e24bed9edbeb228c89fe37f224b"}
,"D:\\hacktiv8\\phase-3\\final-project\\fix\\B-track-server\\routes\\categoryRoutes.js": {"path":"D:\\hacktiv8\\phase-3\\final-project\\fix\\B-track-server\\routes\\categoryRoutes.js","statementMap":{"0":{"start":{"line":1,"column":16},"end":{"line":1,"column":34}},"1":{"start":{"line":2,"column":15},"end":{"line":2,"column":31}},"2":{"start":{"line":3,"column":27},"end":{"line":3,"column":71}},"3":{"start":{"line":5,"column":0},"end":{"line":5,"column":45}},"4":{"start":{"line":7,"column":0},"end":{"line":7,"column":24}}},"fnMap":{},"branchMap":{},"s":{"0":1,"1":1,"2":1,"3":1,"4":1},"f":{},"b":{},"_coverageSchema":"1a1c01bbd47fc00a2c39e90264f33305004495a9","hash":"540aa428318a335b29b8ffd239ef1467b2eca373"}
,"D:\\hacktiv8\\phase-3\\final-project\\fix\\B-track-server\\routes\\index.js": {"path":"D:\\hacktiv8\\phase-3\\final-project\\fix\\B-track-server\\routes\\index.js","statementMap":{"0":{"start":{"line":1,"column":16},"end":{"line":1,"column":34}},"1":{"start":{"line":2,"column":15},"end":{"line":2,"column":31}},"2":{"start":{"line":4,"column":21},"end":{"line":4,"column":46}},"3":{"start":{"line":5,"column":26},"end":{"line":5,"column":56}},"4":{"start":{"line":6,"column":19},"end":{"line":6,"column":42}},"5":{"start":{"line":7,"column":23},"end":{"line":7,"column":58}},"6":{"start":{"line":8,"column":21},"end":{"line":8,"column":59}},"7":{"start":{"line":9,"column":26},"end":{"line":9,"column":56}},"8":{"start":{"line":11,"column":0},"end":{"line":11,"column":28}},"9":{"start":{"line":13,"column":0},"end":{"line":13,"column":37}},"10":{"start":{"line":15,"column":0},"end":{"line":15,"column":42}},"11":{"start":{"line":17,"column":0},"end":{"line":17,"column":47}},"12":{"start":{"line":19,"column":0},"end":{"line":19,"column":45}},"13":{"start":{"line":21,"column":0},"end":{"line":21,"column":25}},"14":{"start":{"line":23,"column":0},"end":{"line":23,"column":24}}},"fnMap":{},"branchMap":{},"s":{"0":1,"1":1,"2":1,"3":1,"4":1,"5":1,"6":1,"7":1,"8":1,"9":1,"10":1,"11":1,"12":1,"13":1,"14":1},"f":{},"b":{},"_coverageSchema":"1a1c01bbd47fc00a2c39e90264f33305004495a9","hash":"64e36527544dca9354ba6257b6d749d11e343eec"}
,"D:\\hacktiv8\\phase-3\\final-project\\fix\\B-track-server\\routes\\scanInvoiceRoutes.js": {"path":"D:\\hacktiv8\\phase-3\\final-project\\fix\\B-track-server\\routes\\scanInvoiceRoutes.js","statementMap":{"0":{"start":{"line":1,"column":15},"end":{"line":1,"column":42}},"1":{"start":{"line":2,"column":15},"end":{"line":2,"column":32}},"2":{"start":{"line":4,"column":30},"end":{"line":4,"column":77}},"3":{"start":{"line":5,"column":25},"end":{"line":5,"column":65}},"4":{"start":{"line":6,"column":22},"end":{"line":6,"column":61}},"5":{"start":{"line":8,"column":15},"end":{"line":8,"column":23}},"6":{"start":{"line":10,"column":0},"end":{"line":10,"column":112}},"7":{"start":{"line":12,"column":0},"end":{"line":12,"column":23}}},"fnMap":{},"branchMap":{},"s":{"0":1,"1":1,"2":1,"3":1,"4":1,"5":1,"6":1,"7":1},"f":{},"b":{},"_coverageSchema":"1a1c01bbd47fc00a2c39e90264f33305004495a9","hash":"8e10c38d747883863ce8e5a71db97f85536db360"}
,"D:\\hacktiv8\\phase-3\\final-project\\fix\\B-track-server\\routes\\transactionRoutes.js": {"path":"D:\\hacktiv8\\phase-3\\final-project\\fix\\B-track-server\\routes\\transactionRoutes.js","statementMap":{"0":{"start":{"line":1,"column":16},"end":{"line":1,"column":34}},"1":{"start":{"line":2,"column":15},"end":{"line":2,"column":31}},"2":{"start":{"line":4,"column":30},"end":{"line":4,"column":77}},"3":{"start":{"line":5,"column":23},"end":{"line":5,"column":63}},"4":{"start":{"line":7,"column":0},"end":{"line":7,"column":27}},"5":{"start":{"line":8,"column":0},"end":{"line":8,"column":56}},"6":{"start":{"line":9,"column":0},"end":{"line":9,"column":50}},"7":{"start":{"line":10,"column":0},"end":{"line":10,"column":49}},"8":{"start":{"line":11,"column":0},"end":{"line":11,"column":52}},"9":{"start":{"line":13,"column":0},"end":{"line":13,"column":24}}},"fnMap":{},"branchMap":{},"s":{"0":1,"1":1,"2":1,"3":1,"4":1,"5":1,"6":1,"7":1,"8":1,"9":1},"f":{},"b":{},"_coverageSchema":"1a1c01bbd47fc00a2c39e90264f33305004495a9","hash":"cc870c2e3a1a3bf3d6f8ac7ef3d4f30ab0aaa4e8"}
,"D:\\hacktiv8\\phase-3\\final-project\\fix\\B-track-server\\routes\\userRoutes.js": {"path":"D:\\hacktiv8\\phase-3\\final-project\\fix\\B-track-server\\routes\\userRoutes.js","statementMap":{"0":{"start":{"line":1,"column":16},"end":{"line":1,"column":34}},"1":{"start":{"line":2,"column":15},"end":{"line":2,"column":31}},"2":{"start":{"line":3,"column":23},"end":{"line":3,"column":63}},"3":{"start":{"line":5,"column":0},"end":{"line":5,"column":49}},"4":{"start":{"line":6,"column":0},"end":{"line":6,"column":43}},"5":{"start":{"line":8,"column":0},"end":{"line":8,"column":24}}},"fnMap":{},"branchMap":{},"s":{"0":1,"1":1,"2":1,"3":1,"4":1,"5":1},"f":{},"b":{},"_coverageSchema":"1a1c01bbd47fc00a2c39e90264f33305004495a9","hash":"b679f906051c285dd4571bb5a100f1e7ea05480f"}
}
